[debug] [2022-11-18T17:01:52.450Z] ----------------------------------------------------------------------
[debug] [2022-11-18T17:01:52.455Z] Command:       C:\Program Files\nodejs\node.exe C:\Users\sachi\AppData\Roaming\npm\node_modules\firebase-tools\lib\bin\firebase.js init
[debug] [2022-11-18T17:01:52.457Z] CLI Version:   11.16.1
[debug] [2022-11-18T17:01:52.458Z] Platform:      win32
[debug] [2022-11-18T17:01:52.458Z] Node Version:  v18.12.1
[debug] [2022-11-18T17:01:52.461Z] Time:          Fri Nov 18 2022 22:31:52 GMT+0530 (India Standard Time)
[debug] [2022-11-18T17:01:52.462Z] ----------------------------------------------------------------------
[debug] 
[debug] [2022-11-18T17:01:52.474Z] >>> [apiv2][query] GET https://firebase-public.firebaseio.com/cli.json [none]
[debug] [2022-11-18T17:01:52.604Z] > command requires scopes: ["email","openid","https://www.googleapis.com/auth/cloudplatformprojects.readonly","https://www.googleapis.com/auth/firebase","https://www.googleapis.com/auth/cloud-platform"]
[debug] [2022-11-18T17:01:52.605Z] > authorizing via signed-in user (sachingupta98935@gmail.com)
[info] 
     ######## #### ########  ######## ########     ###     ######  ########
     ##        ##  ##     ## ##       ##     ##  ##   ##  ##       ##
     ######    ##  ########  ######   ########  #########  ######  ######
     ##        ##  ##    ##  ##       ##     ## ##     ##       ## ##
     ##       #### ##     ## ######## ########  ##     ##  ######  ########

You're about to initialize a Firebase project in this directory:

  C:\Users\sachi\OneDrive\Desktop\blog website\blog-app

[debug] [2022-11-18T17:01:54.669Z] <<< [apiv2][status] GET https://firebase-public.firebaseio.com/cli.json 200
[debug] [2022-11-18T17:01:54.670Z] <<< [apiv2][body] GET https://firebase-public.firebaseio.com/cli.json {"cloudBuildErrorAfter":1594252800000,"cloudBuildWarnAfter":1590019200000,"defaultNode10After":1594252800000,"minVersion":"3.0.5","node8DeploysDisabledAfter":1613390400000,"node8RuntimeDisabledAfter":1615809600000,"node8WarnAfter":1600128000000}
[info] 
=== Project Setup
[info] 
[info] First, let's associate this project directory with a Firebase project.
[info] You can create multiple project aliases by running firebase use --add, 
[info] but for now we'll just set up a default project.
[info] 
[debug] [2022-11-18T17:04:51.876Z] > refreshing access token with scopes: []
[debug] [2022-11-18T17:04:51.878Z] >>> [apiv2][query] POST https://www.googleapis.com/oauth2/v3/token [none]
[debug] [2022-11-18T17:04:51.878Z] >>> [apiv2][body] POST https://www.googleapis.com/oauth2/v3/token [omitted]
[debug] [2022-11-18T17:04:53.828Z] <<< [apiv2][status] POST https://www.googleapis.com/oauth2/v3/token 200
[debug] [2022-11-18T17:04:53.829Z] <<< [apiv2][body] POST https://www.googleapis.com/oauth2/v3/token [omitted]
[debug] [2022-11-18T17:04:53.871Z] >>> [apiv2][query] GET https://firebase.googleapis.com/v1beta1/projects pageSize=100
[debug] [2022-11-18T17:04:56.593Z] <<< [apiv2][status] GET https://firebase.googleapis.com/v1beta1/projects 200
[debug] [2022-11-18T17:04:56.593Z] <<< [apiv2][body] GET https://firebase.googleapis.com/v1beta1/projects [omitted]
[info] i  Using project blog-app-93201 (blog-app) 
[info] 
=== Hosting Setup
[info] 
[info] Your public directory is the folder (relative to your project directory) that
[info] will contain Hosting assets to be uploaded with firebase deploy. If you
[info] have a build process for your assets, use your build's output directory.
[info] 
[debug] [2022-11-18T17:11:38.662Z] ----------------------------------------------------------------------
[debug] [2022-11-18T17:11:38.666Z] Command:       C:\Program Files\nodejs\node.exe C:\Users\sachi\AppData\Roaming\npm\node_modules\firebase-tools\lib\bin\firebase.js init
[debug] [2022-11-18T17:11:38.667Z] CLI Version:   11.16.1
[debug] [2022-11-18T17:11:38.667Z] Platform:      win32
[debug] [2022-11-18T17:11:38.667Z] Node Version:  v18.12.1
[debug] [2022-11-18T17:11:38.670Z] Time:          Fri Nov 18 2022 22:41:38 GMT+0530 (India Standard Time)
[debug] [2022-11-18T17:11:38.671Z] ----------------------------------------------------------------------
[debug] 
[debug] [2022-11-18T17:11:38.689Z] > command requires scopes: ["email","openid","https://www.googleapis.com/auth/cloudplatformprojects.readonly","https://www.googleapis.com/auth/firebase","https://www.googleapis.com/auth/cloud-platform"]
[debug] [2022-11-18T17:11:38.690Z] > authorizing via signed-in user (sachingupta98935@gmail.com)
[info] 
     ######## #### ########  ######## ########     ###     ######  ########
     ##        ##  ##     ## ##       ##     ##  ##   ##  ##       ##
     ######    ##  ########  ######   ########  #########  ######  ######
     ##        ##  ##    ##  ##       ##     ## ##     ##       ## ##
     ##       #### ##     ## ######## ########  ##     ##  ######  ########

You're about to initialize a Firebase project in this directory:

  C:\Users\sachi\OneDrive\Desktop\blog website\blog-app

[info] 
=== Project Setup
[info] 
[info] First, let's associate this project directory with a Firebase project.
[info] You can create multiple project aliases by running firebase use --add, 
[info] but for now we'll just set up a default project.
[info] 
[debug] [2022-11-18T17:12:11.339Z] >>> [apiv2][query] GET https://firebase.googleapis.com/v1beta1/projects pageSize=100
[debug] [2022-11-18T17:12:13.453Z] <<< [apiv2][status] GET https://firebase.googleapis.com/v1beta1/projects 200
[debug] [2022-11-18T17:12:13.453Z] <<< [apiv2][body] GET https://firebase.googleapis.com/v1beta1/projects [omitted]
[info] i  Using project blog-app-93201 (blog-app) 
[info] 
=== Hosting Setup
[info] 
[info] Your public directory is the folder (relative to your project directory) that
[info] will contain Hosting assets to be uploaded with firebase deploy. If you
[info] have a build process for your assets, use your build's output directory.
[info] 
[debug] [2022-11-18T17:13:43.883Z] >>> [apiv2][query] GET https://www.gstatic.com/firebasejs/releases.json [none]
[debug] [2022-11-18T17:13:44.926Z] <<< [apiv2][status] GET https://www.gstatic.com/firebasejs/releases.json 200
[debug] [2022-11-18T17:13:44.926Z] <<< [apiv2][body] GET https://www.gstatic.com/firebasejs/releases.json {"current":{"version":"9.14.0","browserURL":"https://www.gstatic.com/firebasejs/9.14.0/firebase.js","packageURL":"https://www.gstatic.com/firebasejs/9.14.0/firebase.tgz"},"live":{"version":"9.14","browserURL":"https://www.gstatic.com/firebasejs/live/9.14/firebase.js","packageURL":"https://www.gstatic.com/firebasejs/live/9.14/firebase.tgz"},"components":{"analytics":"https://www.gstatic.com/firebasejs/9.14.0/firebase-analytics.js","app":"https://www.gstatic.com/firebasejs/9.14.0/firebase-app.js","app-check":"https://www.gstatic.com/firebasejs/9.14.0/firebase-app-check.js","auth":"https://www.gstatic.com/firebasejs/9.14.0/firebase-auth.js","auth/cordova":"https://www.gstatic.com/firebasejs/9.14.0/firebase-auth/cordova.js","auth/react-native":"https://www.gstatic.com/firebasejs/9.14.0/firebase-auth/react-native.js","functions":"https://www.gstatic.com/firebasejs/9.14.0/firebase-functions.js","firestore":"https://www.gstatic.com/firebasejs/9.14.0/firebase-firestore.js","firestore/lite":"https://www.gstatic.com/firebasejs/9.14.0/firebase-firestore/lite.js","installations":"https://www.gstatic.com/firebasejs/9.14.0/firebase-installations.js","storage":"https://www.gstatic.com/firebasejs/9.14.0/firebase-storage.js","performance":"https://www.gstatic.com/firebasejs/9.14.0/firebase-performance.js","remote-config":"https://www.gstatic.com/firebasejs/9.14.0/firebase-remote-config.js","messaging":"https://www.gstatic.com/firebasejs/9.14.0/firebase-messaging.js","messaging/sw":"https://www.gstatic.com/firebasejs/9.14.0/firebase-messaging/sw.js","database":"https://www.gstatic.com/firebasejs/9.14.0/firebase-database.js","firestore.memory":"https://www.gstatic.com/firebasejs/9.14.0/firebase-firestore.memory.js"}}
[info] i  Skipping write of build/index.html 
[info] 
[info] i  Didn't detect a .git folder. Assuming C:\Users\sachi\OneDrive\Desktop\blog website\blog-app is the project root. 
[info] i  Authorizing with GitHub to upload your service account to a GitHub repository's secrets store. 
[info] 
[info] Visit this URL on this device to log in:
[info] https://github.com/login/oauth/authorize?client_id=89cf50f02ac6aaed3484&state=178601229&redirect_uri=http%3A%2F%2Flocalhost%3A9005&scope=read%3Auser%20repo%20public_repo
[info] 
[info] Waiting for authentication...
[debug] [2022-11-18T17:14:51.878Z] >>> [apiv2][query] POST https://github.com/login/oauth/access_token [none]
[debug] [2022-11-18T17:14:51.878Z] >>> [apiv2][body] POST https://github.com/login/oauth/access_token [stream]
[debug] [2022-11-18T17:14:52.696Z] <<< [apiv2][status] POST https://github.com/login/oauth/access_token 200
[debug] [2022-11-18T17:14:52.696Z] <<< [apiv2][body] POST https://github.com/login/oauth/access_token {"access_token":"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","token_type":"bearer","scope":"read:user,repo"}
[debug] [2022-11-18T17:14:52.711Z] >>> [apiv2][query] GET https://api.github.com/user [none]
[debug] [2022-11-18T17:14:53.352Z] <<< [apiv2][status] GET https://api.github.com/user 200
[debug] [2022-11-18T17:14:53.352Z] <<< [apiv2][body] GET https://api.github.com/user {"login":"sachin-gu","id":117663094,"node_id":"U_kgDOBwNldg","avatar_url":"https://avatars.githubusercontent.com/u/117663094?v=4","gravatar_id":"","url":"https://api.github.com/users/sachin-gu","html_url":"https://github.com/sachin-gu","followers_url":"https://api.github.com/users/sachin-gu/followers","following_url":"https://api.github.com/users/sachin-gu/following{/other_user}","gists_url":"https://api.github.com/users/sachin-gu/gists{/gist_id}","starred_url":"https://api.github.com/users/sachin-gu/starred{/owner}{/repo}","subscriptions_url":"https://api.github.com/users/sachin-gu/subscriptions","organizations_url":"https://api.github.com/users/sachin-gu/orgs","repos_url":"https://api.github.com/users/sachin-gu/repos","events_url":"https://api.github.com/users/sachin-gu/events{/privacy}","received_events_url":"https://api.github.com/users/sachin-gu/received_events","type":"User","site_admin":false,"name":null,"company":null,"blog":"","location":null,"email":null,"hireable":null,"bio":null,"twitter_username":null,"public_repos":1,"public_gists":0,"followers":0,"following":0,"created_at":"2022-11-07T15:08:53Z","updated_at":"2022-11-07T15:08:53Z","private_gists":0,"total_private_repos":0,"owned_private_repos":0,"disk_usage":0,"collaborators":0,"two_factor_authentication":false,"plan":{"name":"free","space":976562499,"collaborators":0,"private_repos":10000}}
[info] 
[info] +  Success! Logged into GitHub as sachin-gu 
[info] 
[debug] [2022-11-18T17:37:54.955Z] >>> [apiv2][query] GET https://api.github.com/repos/C:\Users\sachi\OneDrive\Desktop\blog website\blog-app/actions/secrets/public-key type=owner
[debug] [2022-11-18T17:37:57.751Z] <<< [apiv2][status] GET https://api.github.com/repos/C:\Users\sachi\OneDrive\Desktop\blog website\blog-app/actions/secrets/public-key 404
[debug] [2022-11-18T17:37:57.751Z] <<< [apiv2][body] GET https://api.github.com/repos/C:\Users\sachi\OneDrive\Desktop\blog website\blog-app/actions/secrets/public-key {"message":"Not Found","documentation_url":"https://docs.github.com/rest"}
